This is LuaTeX, Version 1.0.4 (TeX Live 2017/Debian)  (format=lualatex 2019.3.9)  6 MAY 2019 21:36
 restricted system commands enabled.
**slides.tex
(./slides.tex
LaTeX2e <2017-04-15>
Lua module: luaotfload-main 2017/01/29 2.80001 OpenType layout system.
Lua module: lualibs 2017-02-01 2.5 ConTeXt Lua standard libraries.
Lua module: lualibs-extended 2017-02-01 2.5 ConTeXt Lua libraries -- extended co
llection.(using write cache: /home/thomas/.texlive2017/texmf-var/luatex-cache/ge
neric)(using read cache: /var/lib/texmf/luatex-cache/generic /home/thomas/.texli
ve2017/texmf-var/luatex-cache/generic)
luaotfload | conf : Root cache directory is /home/thomas/.texlive2017/texmf-var/
luatex-cache/generic/names.
luaotfload | init : Loading fontloader “fontloader-2017-02-11.lua” from kpse
-resolved path “/usr/share/texlive/texmf-dist/tex/luatex/luaotfload/fontloader
-2017-02-11.lua”.
Lua-only attribute luaotfload@state = 1
Lua-only attribute luaotfload@noligature = 2
Lua-only attribute luaotfload@syllabe = 3
luaotfload | init : Context OpenType loader version “3.027”
Inserting `luaotfload.node_processor' at position 1 in `pre_linebreak_filter'.
Inserting `luaotfload.node_processor' at position 1 in `hpack_filter'.
Inserting `luaotfload.define_font' at position 1 in `define_font'.
Lua-only attribute luaotfload_color_attribute = 4
luaotfload | conf : Root cache directory is /home/thomas/.texlive2017/texmf-var/
luatex-cache/generic/names.
Inserting `luaotfload.aux.set_sscale_dimens' at position 1 in `luaotfload.patch_
font'.
Inserting `luaotfload.aux.patch_cambria_domh' at position 2 in `luaotfload.patch
_font'.
Inserting `luaotfload.aux.fixup_fontdata' at position 1 in `luaotfload.patch_fon
t_unsafe'.
Inserting `luaotfload.aux.set_capheight' at position 3 in `luaotfload.patch_font
'.
Inserting `luaotfload.rewrite_fontname' at position 4 in `luaotfload.patch_font'
.
luaotfload | main : initialization completed in 0.207 seconds
Babel <3.18> and hyphenation patterns for 1 language(s) loaded.
(/usr/share/texlive/texmf-dist/tex/latex/beamer/beamer.cls
Document Class: beamer 2018/02/20 v3.50 A class for typesetting presentations
(/usr/share/texlive/texmf-dist/tex/latex/beamer/beamerbasemodes.sty
(/usr/share/texlive/texmf-dist/tex/latex/etoolbox/etoolbox.sty
Package: etoolbox 2018/02/11 v2.5e e-TeX tools for LaTeX (JAW)
\etb@tempcnta=\count79
)
\beamer@tempbox=\box26
\beamer@tempcount=\count80
\c@beamerpauses=\count81

(/usr/share/texlive/texmf-dist/tex/latex/beamer/beamerbasedecode.sty
\beamer@slideinframe=\count82
\beamer@minimum=\count83
)
\beamer@commentbox=\box27
\beamer@modecount=\count84
)
(/usr/share/texlive/texmf-dist/tex/generic/oberdiek/ifpdf.sty
Package: ifpdf 2017/03/15 v3.2 Provides the ifpdf switch
)
\headdp=\dimen102
\footheight=\dimen103
\sidebarheight=\dimen104
\beamer@tempdim=\dimen105
\beamer@finalheight=\dimen106
\beamer@animht=\dimen107
\beamer@animdp=\dimen108
\beamer@animwd=\dimen109
\beamer@leftmargin=\dimen110
\beamer@rightmargin=\dimen111
\beamer@leftsidebar=\dimen112
\beamer@rightsidebar=\dimen113
\beamer@boxsize=\dimen114
\beamer@vboxoffset=\dimen115
\beamer@descdefault=\dimen116
\beamer@descriptionwidth=\dimen117
\beamer@lastskip=\skip41
\beamer@areabox=\box28
\beamer@animcurrent=\box29
\beamer@animshowbox=\box30
\beamer@sectionbox=\box31
\beamer@logobox=\box32
\beamer@linebox=\box33
\beamer@sectioncount=\count85
\beamer@subsubsectionmax=\count86
\beamer@subsectionmax=\count87
\beamer@sectionmax=\count88
\beamer@totalheads=\count89
\beamer@headcounter=\count90
\beamer@partstartpage=\count91
\beamer@sectionstartpage=\count92
\beamer@subsectionstartpage=\count93
\beamer@animationtempa=\count94
\beamer@animationtempb=\count95
\beamer@xpos=\count96
\beamer@ypos=\count97
\beamer@ypos@offset=\count98
\beamer@showpartnumber=\count99
\beamer@currentsubsection=\count100
\beamer@coveringdepth=\count101
\beamer@sectionadjust=\count102
\beamer@tocsectionnumber=\count103

(/usr/share/texlive/texmf-dist/tex/latex/beamer/beamerbaseoptions.sty
(/usr/share/texlive/texmf-dist/tex/latex/graphics/keyval.sty
Package: keyval 2014/10/28 v1.15 key=value parser (DPC)
\KV@toks@=\toks14
))
\beamer@paperwidth=\skip42
\beamer@paperheight=\skip43

(/usr/share/texlive/texmf-dist/tex/latex/geometry/geometry.sty
Package: geometry 2010/09/12 v5.6 Page Geometry

(/usr/share/texlive/texmf-dist/tex/generic/oberdiek/ifvtex.sty
Package: ifvtex 2016/05/16 v1.6 Detect VTeX and its facilities (HO)
Package ifvtex Info: VTeX not detected.
)
(/usr/share/texlive/texmf-dist/tex/generic/ifxetex/ifxetex.sty
Package: ifxetex 2010/09/12 v0.6 Provides ifxetex conditional
)
\Gm@cnth=\count104
\Gm@cntv=\count105
\c@Gm@tempcnt=\count106
\Gm@bindingoffset=\dimen118
\Gm@wd@mp=\dimen119
\Gm@odd@mp=\dimen120
\Gm@even@mp=\dimen121
\Gm@layoutwidth=\dimen122
\Gm@layoutheight=\dimen123
\Gm@layouthoffset=\dimen124
\Gm@layoutvoffset=\dimen125
\Gm@dimlist=\toks15
)
(/usr/share/texlive/texmf-dist/tex/latex/extsizes/size8.clo
File: size8.clo 1999/11/11 v1.4a NON-Standard LaTeX file (size option)
luaotfload | db : Font names database loaded from /home/thomas/.texlive2017/texm
f-var/luatex-cache/generic/names/luaotfload-names.luc(load luc: /home/thomas/.te
xlive2017/texmf-var/luatex-cache/generic/fonts/otl/lmroman8-regular.luc)) (/usr
/share/texlive/texmf-dist/tex/latex/pgf/basiclayer/pgfcore.sty
(/usr/share/texlive/texmf-dist/tex/latex/graphics/graphicx.sty
Package: graphicx 2017/06/01 v1.1a Enhanced LaTeX Graphics (DPC,SPQR)

(/usr/share/texlive/texmf-dist/tex/latex/graphics/graphics.sty
Package: graphics 2017/06/25 v1.2c Standard LaTeX Graphics (DPC,SPQR)

(/usr/share/texlive/texmf-dist/tex/latex/graphics/trig.sty
Package: trig 2016/01/03 v1.10 sin cos tan (DPC)
)
(/usr/share/texlive/texmf-dist/tex/latex/graphics-cfg/graphics.cfg
File: graphics.cfg 2016/06/04 v1.11 sample graphics configuration
)
Package graphics Info: Driver file: luatex.def on input line 99.

(/usr/share/texlive/texmf-dist/tex/latex/graphics-def/luatex.def
File: luatex.def 2018/01/08 v1.0l Graphics/color driver for luatex
))
\Gin@req@height=\dimen126
\Gin@req@width=\dimen127
)
(/usr/share/texlive/texmf-dist/tex/latex/pgf/systemlayer/pgfsys.sty
(/usr/share/texlive/texmf-dist/tex/latex/pgf/utilities/pgfrcs.sty
(/usr/share/texlive/texmf-dist/tex/generic/pgf/utilities/pgfutil-common.tex
\pgfutil@everybye=\toks16
\pgfutil@tempdima=\dimen128
\pgfutil@tempdimb=\dimen129

(/usr/share/texlive/texmf-dist/tex/generic/pgf/utilities/pgfutil-common-lists.t
ex)) (/usr/share/texlive/texmf-dist/tex/generic/pgf/utilities/pgfutil-latex.def
\pgfutil@abb=\box34
(/usr/share/texlive/texmf-dist/tex/latex/ms/everyshi.sty
Package: everyshi 2001/05/15 v3.00 EveryShipout Package (MS)
))
(/usr/share/texlive/texmf-dist/tex/generic/pgf/utilities/pgfrcs.code.tex
Package: pgfrcs 2015/08/07 v3.0.1a (rcs-revision 1.31)
))
(/usr/share/texlive/texmf-dist/tex/generic/pgf/systemlayer/pgfsys.code.tex
Package: pgfsys 2014/07/09 v3.0.1a (rcs-revision 1.48)

(/usr/share/texlive/texmf-dist/tex/generic/pgf/utilities/pgfkeys.code.tex
\pgfkeys@pathtoks=\toks17
\pgfkeys@temptoks=\toks18

(/usr/share/texlive/texmf-dist/tex/generic/pgf/utilities/pgfkeysfiltered.code.t
ex
\pgfkeys@tmptoks=\toks19
))
\pgf@x=\dimen130
\pgf@y=\dimen131
\pgf@xa=\dimen132
\pgf@ya=\dimen133
\pgf@xb=\dimen134
\pgf@yb=\dimen135
\pgf@xc=\dimen136
\pgf@yc=\dimen137
\w@pgf@writea=\write3
\r@pgf@reada=\read1
\c@pgf@counta=\count107
\c@pgf@countb=\count108
\c@pgf@countc=\count109
\c@pgf@countd=\count110
\t@pgf@toka=\toks20
\t@pgf@tokb=\toks21
\t@pgf@tokc=\toks22
 (/usr/share/texlive/texmf-dist/tex/generic/pgf/systemlayer/pgf.cfg
File: pgf.cfg 2008/05/14  (rcs-revision 1.7)
)
Driver file for pgf: pgfsys-luatex.def

(/usr/share/texlive/texmf-dist/tex/generic/pgf/systemlayer/pgfsys-luatex.def
File: pgfsys-luatex.def 2014/10/11  (rcs-revision 1.35)

(/usr/share/texlive/texmf-dist/tex/generic/pgf/systemlayer/pgfsys-common-pdf.de
f
File: pgfsys-common-pdf.def 2013/10/10  (rcs-revision 1.13)
)))
(/usr/share/texlive/texmf-dist/tex/generic/pgf/systemlayer/pgfsyssoftpath.code.
tex
File: pgfsyssoftpath.code.tex 2013/09/09  (rcs-revision 1.9)
\pgfsyssoftpath@smallbuffer@items=\count111
\pgfsyssoftpath@bigbuffer@items=\count112
)
(/usr/share/texlive/texmf-dist/tex/generic/pgf/systemlayer/pgfsysprotocol.code.
tex
File: pgfsysprotocol.code.tex 2006/10/16  (rcs-revision 1.4)
)) (/usr/share/texlive/texmf-dist/tex/latex/xcolor/xcolor.sty
Package: xcolor 2016/05/11 v2.12 LaTeX color extensions (UK)

(/usr/share/texlive/texmf-dist/tex/latex/graphics-cfg/color.cfg
File: color.cfg 2016/01/02 v1.6 sample color configuration
)
Package xcolor Info: Driver file: luatex.def on input line 225.
Package xcolor Info: Model `cmy' substituted by `cmy0' on input line 1348.
Package xcolor Info: Model `hsb' substituted by `rgb' on input line 1352.
Package xcolor Info: Model `RGB' extended on input line 1364.
Package xcolor Info: Model `HTML' substituted by `rgb' on input line 1366.
Package xcolor Info: Model `Hsb' substituted by `hsb' on input line 1367.
Package xcolor Info: Model `tHsb' substituted by `hsb' on input line 1368.
Package xcolor Info: Model `HSB' substituted by `hsb' on input line 1369.
Package xcolor Info: Model `Gray' substituted by `gray' on input line 1370.
Package xcolor Info: Model `wave' substituted by `hsb' on input line 1371.
)
(/usr/share/texlive/texmf-dist/tex/generic/pgf/basiclayer/pgfcore.code.tex
Package: pgfcore 2010/04/11 v3.0.1a (rcs-revision 1.7)

(/usr/share/texlive/texmf-dist/tex/generic/pgf/math/pgfmath.code.tex
(/usr/share/texlive/texmf-dist/tex/generic/pgf/math/pgfmathcalc.code.tex
(/usr/share/texlive/texmf-dist/tex/generic/pgf/math/pgfmathutil.code.tex)
(/usr/share/texlive/texmf-dist/tex/generic/pgf/math/pgfmathparser.code.tex
\pgfmath@dimen=\dimen138
\pgfmath@count=\count113
\pgfmath@box=\box35
\pgfmath@toks=\toks23
\pgfmath@stack@operand=\toks24
\pgfmath@stack@operation=\toks25
)
(/usr/share/texlive/texmf-dist/tex/generic/pgf/math/pgfmathfunctions.code.tex
(/usr/share/texlive/texmf-dist/tex/generic/pgf/math/pgfmathfunctions.basic.code
.tex)
(/usr/share/texlive/texmf-dist/tex/generic/pgf/math/pgfmathfunctions.trigonomet
ric.code.tex)
(/usr/share/texlive/texmf-dist/tex/generic/pgf/math/pgfmathfunctions.random.cod
e.tex)
(/usr/share/texlive/texmf-dist/tex/generic/pgf/math/pgfmathfunctions.comparison
.code.tex)
(/usr/share/texlive/texmf-dist/tex/generic/pgf/math/pgfmathfunctions.base.code.
tex)
(/usr/share/texlive/texmf-dist/tex/generic/pgf/math/pgfmathfunctions.round.code
.tex)
(/usr/share/texlive/texmf-dist/tex/generic/pgf/math/pgfmathfunctions.misc.code.
tex)
(/usr/share/texlive/texmf-dist/tex/generic/pgf/math/pgfmathfunctions.integerari
thmetics.code.tex)))
(/usr/share/texlive/texmf-dist/tex/generic/pgf/math/pgfmathfloat.code.tex
\c@pgfmathroundto@lastzeros=\count114
))
(/usr/share/texlive/texmf-dist/tex/generic/pgf/basiclayer/pgfcorepoints.code.te
x
File: pgfcorepoints.code.tex 2013/10/07  (rcs-revision 1.27)
\pgf@picminx=\dimen139
\pgf@picmaxx=\dimen140
\pgf@picminy=\dimen141
\pgf@picmaxy=\dimen142
\pgf@pathminx=\dimen143
\pgf@pathmaxx=\dimen144
\pgf@pathminy=\dimen145
\pgf@pathmaxy=\dimen146
\pgf@xx=\dimen147
\pgf@xy=\dimen148
\pgf@yx=\dimen149
\pgf@yy=\dimen150
\pgf@zx=\dimen151
\pgf@zy=\dimen152
)
(/usr/share/texlive/texmf-dist/tex/generic/pgf/basiclayer/pgfcorepathconstruct.
code.tex
File: pgfcorepathconstruct.code.tex 2013/10/07  (rcs-revision 1.29)
\pgf@path@lastx=\dimen153
\pgf@path@lasty=\dimen154
)
(/usr/share/texlive/texmf-dist/tex/generic/pgf/basiclayer/pgfcorepathusage.code
.tex
File: pgfcorepathusage.code.tex 2014/11/02  (rcs-revision 1.24)
\pgf@shorten@end@additional=\dimen155
\pgf@shorten@start@additional=\dimen156
)
(/usr/share/texlive/texmf-dist/tex/generic/pgf/basiclayer/pgfcorescopes.code.te
x
File: pgfcorescopes.code.tex 2015/05/08  (rcs-revision 1.46)
\pgfpic=\box36
\pgf@hbox=\box37
\pgf@layerbox@main=\box38
\pgf@picture@serial@count=\count115
)
(/usr/share/texlive/texmf-dist/tex/generic/pgf/basiclayer/pgfcoregraphicstate.c
ode.tex
File: pgfcoregraphicstate.code.tex 2014/11/02  (rcs-revision 1.12)
\pgflinewidth=\dimen157
)
(/usr/share/texlive/texmf-dist/tex/generic/pgf/basiclayer/pgfcoretransformation
s.code.tex
File: pgfcoretransformations.code.tex 2015/08/07  (rcs-revision 1.20)
\pgf@pt@x=\dimen158
\pgf@pt@y=\dimen159
\pgf@pt@temp=\dimen160
)
(/usr/share/texlive/texmf-dist/tex/generic/pgf/basiclayer/pgfcorequick.code.tex
File: pgfcorequick.code.tex 2008/10/09  (rcs-revision 1.3)
)
(/usr/share/texlive/texmf-dist/tex/generic/pgf/basiclayer/pgfcoreobjects.code.t
ex
File: pgfcoreobjects.code.tex 2006/10/11  (rcs-revision 1.2)
)
(/usr/share/texlive/texmf-dist/tex/generic/pgf/basiclayer/pgfcorepathprocessing
.code.tex
File: pgfcorepathprocessing.code.tex 2013/09/09  (rcs-revision 1.9)
)
(/usr/share/texlive/texmf-dist/tex/generic/pgf/basiclayer/pgfcorearrows.code.te
x
File: pgfcorearrows.code.tex 2015/05/14  (rcs-revision 1.43)
\pgfarrowsep=\dimen161
)
(/usr/share/texlive/texmf-dist/tex/generic/pgf/basiclayer/pgfcoreshade.code.tex
File: pgfcoreshade.code.tex 2013/07/15  (rcs-revision 1.15)
\pgf@max=\dimen162
\pgf@sys@shading@range@num=\count116
)
(/usr/share/texlive/texmf-dist/tex/generic/pgf/basiclayer/pgfcoreimage.code.tex
File: pgfcoreimage.code.tex 2013/07/15  (rcs-revision 1.18)

(/usr/share/texlive/texmf-dist/tex/generic/pgf/basiclayer/pgfcoreexternal.code.
tex
File: pgfcoreexternal.code.tex 2014/07/09  (rcs-revision 1.21)
\pgfexternal@startupbox=\box39
))
(/usr/share/texlive/texmf-dist/tex/generic/pgf/basiclayer/pgfcorelayers.code.te
x
File: pgfcorelayers.code.tex 2013/07/18  (rcs-revision 1.7)
)
(/usr/share/texlive/texmf-dist/tex/generic/pgf/basiclayer/pgfcoretransparency.c
ode.tex
File: pgfcoretransparency.code.tex 2013/09/30  (rcs-revision 1.5)
)
(/usr/share/texlive/texmf-dist/tex/generic/pgf/basiclayer/pgfcorepatterns.code.
tex
File: pgfcorepatterns.code.tex 2013/11/07  (rcs-revision 1.5)
))) (/usr/share/texlive/texmf-dist/tex/latex/pgf/utilities/xxcolor.sty
Package: xxcolor 2003/10/24 ver 0.1
\XC@nummixins=\count117
\XC@countmixins=\count118
)
(/usr/share/texlive/texmf-dist/tex/generic/oberdiek/atbegshi.sty
Package: atbegshi 2016/06/09 v1.18 At begin shipout hook (HO)

(/usr/share/texlive/texmf-dist/tex/generic/oberdiek/infwarerr.sty
Package: infwarerr 2016/05/16 v1.4 Providing info/warning/error messages (HO)
)
(/usr/share/texlive/texmf-dist/tex/generic/oberdiek/ltxcmds.sty
Package: ltxcmds 2016/05/16 v1.23 LaTeX kernel commands for general use (HO)
))
(/usr/share/texlive/texmf-dist/tex/latex/hyperref/hyperref.sty
Package: hyperref 2018/02/06 v6.86b Hypertext links for LaTeX

(/usr/share/texlive/texmf-dist/tex/generic/oberdiek/hobsub-hyperref.sty
Package: hobsub-hyperref 2016/05/16 v1.14 Bundle oberdiek, subset hyperref (HO)

(/usr/share/texlive/texmf-dist/tex/generic/oberdiek/hobsub-generic.sty
Package: hobsub-generic 2016/05/16 v1.14 Bundle oberdiek, subset generic (HO)
Package: hobsub 2016/05/16 v1.14 Construct package bundles (HO)
Package hobsub Info: Skipping package `infwarerr' (already loaded).
Package hobsub Info: Skipping package `ltxcmds' (already loaded).
Package: ifluatex 2016/05/16 v1.4 Provides the ifluatex switch (HO)
Package ifluatex Info: LuaTeX detected.
Package hobsub Info: Skipping package `ifvtex' (already loaded).
Package: intcalc 2016/05/16 v1.2 Expandable calculations with integers (HO)
Package hobsub Info: Skipping package `ifpdf' (already loaded).
Package: etexcmds 2016/05/16 v1.6 Avoid name clashes with e-TeX commands (HO)
Package: kvsetkeys 2016/05/16 v1.17 Key value parser (HO)
Package: kvdefinekeys 2016/05/16 v1.4 Define keys (HO)
Package: luatex-loader 2016/05/16 v0.6 Lua module loader (HO)

(/usr/share/texlive/texmf-dist/scripts/oberdiek/oberdiek.luatex.lua)
Package: pdftexcmds 2018/01/21 v0.26 Utility functions of pdfTeX for LuaTeX (HO)

Package pdftexcmds Info: \pdf@primitive is available.
Package pdftexcmds Info: \pdf@ifprimitive is available.
Package pdftexcmds Info: \pdfdraftmode found.
\pdftexcmds@toks=\toks26
Package: pdfescape 2016/05/16 v1.14 Implements pdfTeX's escape features (HO)
Package: bigintcalc 2016/05/16 v1.4 Expandable calculations on big integers (HO)

Package: bitset 2016/05/16 v1.2 Handle bit-vector datatype (HO)
Package: uniquecounter 2016/05/16 v1.3 Provide unlimited unique counter (HO)
)
Package hobsub Info: Skipping package `hobsub' (already loaded).
Package: letltxmacro 2016/05/16 v1.5 Let assignment for LaTeX macros (HO)
Package: hopatch 2016/05/16 v1.3 Wrapper for package hooks (HO)
Package: xcolor-patch 2016/05/16 xcolor patch
Package: atveryend 2016/05/16 v1.9 Hooks at the very end of document (HO)
Package hobsub Info: Skipping package `atbegshi' (already loaded).
Package: refcount 2016/05/16 v3.5 Data extraction from label references (HO)
Package: hycolor 2016/05/16 v1.8 Color options for hyperref/bookmark (HO)
)
(/usr/share/texlive/texmf-dist/tex/latex/oberdiek/auxhook.sty
Package: auxhook 2016/05/16 v1.4 Hooks for auxiliary files (HO)
)
(/usr/share/texlive/texmf-dist/tex/latex/oberdiek/kvoptions.sty
Package: kvoptions 2016/05/16 v3.12 Key value format for package options (HO)
)
\@linkdim=\dimen163
\Hy@linkcounter=\count119
\Hy@pagecounter=\count120

(/usr/share/texlive/texmf-dist/tex/latex/hyperref/pd1enc.def
File: pd1enc.def 2018/02/06 v6.86b Hyperref: PDFDocEncoding definition (HO)
)
\Hy@SavedSpaceFactor=\count121

(/usr/share/texlive/texmf-dist/tex/latex/latexconfig/hyperref.cfg
File: hyperref.cfg 2002/06/06 v1.2 hyperref configuration of TeXLive
)
Package hyperref Info: Option `bookmarks' set `true' on input line 4383.
Package hyperref Info: Option `bookmarksopen' set `true' on input line 4383.
Package hyperref Info: Option `implicit' set `false' on input line 4383.
Package hyperref Info: Hyper figures OFF on input line 4509.
Package hyperref Info: Link nesting OFF on input line 4514.
Package hyperref Info: Hyper index ON on input line 4517.
Package hyperref Info: Plain pages OFF on input line 4524.
Package hyperref Info: Backreferencing OFF on input line 4529.
Package hyperref Info: Implicit mode OFF; no redefinition of LaTeX internals.
Package hyperref Info: Bookmarks ON on input line 4762.
\c@Hy@tempcnt=\count122

(/usr/share/texlive/texmf-dist/tex/latex/url/url.sty
\Urlmuskip=\muskip10
Package: url 2013/09/16  ver 3.4  Verb mode for urls, etc.
)
LaTeX Info: Redefining \url on input line 5115.
\XeTeXLinkMargin=\dimen164
\Fld@menulength=\count123
\Field@Width=\dimen165
\Fld@charsize=\dimen166
Package hyperref Info: Hyper figures OFF on input line 6369.
Package hyperref Info: Link nesting OFF on input line 6374.
Package hyperref Info: Hyper index ON on input line 6377.
Package hyperref Info: backreferencing OFF on input line 6384.
Package hyperref Info: Link coloring OFF on input line 6389.
Package hyperref Info: Link coloring with OCG OFF on input line 6394.
Package hyperref Info: PDF/A mode OFF on input line 6399.
LaTeX Info: Redefining \ref on input line 6439.
LaTeX Info: Redefining \pageref on input line 6443.
\Hy@abspage=\count124


Package hyperref Message: Stopped early.

)
Package hyperref Info: Driver (autodetected): hluatex.
 (/usr/share/texlive/texmf-dist/tex/latex/hyperref/hluatex.def
File: hluatex.def 2018/02/06 v6.86b Hyperref driver for luaTeX
\Fld@listcount=\count125
\c@bookmark@seq@number=\count126

(/usr/share/texlive/texmf-dist/tex/latex/oberdiek/rerunfilecheck.sty
Package: rerunfilecheck 2016/05/16 v1.8 Rerun checks for auxiliary files (HO)
Package uniquecounter Info: New unique counter `rerunfilecheck' on input line 28
2.
))
(/usr/share/texlive/texmf-dist/tex/latex/beamer/beamerbaserequires.sty
(/usr/share/texlive/texmf-dist/tex/latex/beamer/beamerbasecompatibility.sty)
(/usr/share/texlive/texmf-dist/tex/latex/beamer/beamerbasefont.sty
(/usr/share/texlive/texmf-dist/tex/latex/amsfonts/amssymb.sty
Package: amssymb 2013/01/14 v3.01 AMS font symbols

(/usr/share/texlive/texmf-dist/tex/latex/amsfonts/amsfonts.sty
Package: amsfonts 2013/01/14 v3.01 Basic AMSFonts support
\@emptytoks=\toks27
\symAMSa=\mathgroup4
\symAMSb=\mathgroup5
LaTeX Font Info:    Overwriting math alphabet `\mathfrak' in version `bold'
(Font)                  U/euf/m/n --> U/euf/b/n on input line 106.
)))
(/usr/share/texlive/texmf-dist/tex/latex/beamer/beamerbasetranslator.sty
(/usr/share/texlive/texmf-dist/tex/latex/translator/translator.sty
Package: translator 2018/01/04 v1.12 Easy translation of strings in LaTeX
))
(/usr/share/texlive/texmf-dist/tex/latex/beamer/beamerbasemisc.sty)
(/usr/share/texlive/texmf-dist/tex/latex/beamer/beamerbasetwoscreens.sty)
(/usr/share/texlive/texmf-dist/tex/latex/beamer/beamerbaseoverlay.sty
\beamer@argscount=\count127
\beamer@lastskipcover=\skip44
\beamer@trivlistdepth=\count128
)
(/usr/share/texlive/texmf-dist/tex/latex/beamer/beamerbasetitle.sty)
(/usr/share/texlive/texmf-dist/tex/latex/beamer/beamerbasesection.sty
\c@lecture=\count129
\c@part=\count130
\c@section=\count131
\c@subsection=\count132
\c@subsubsection=\count133
)
(/usr/share/texlive/texmf-dist/tex/latex/beamer/beamerbaseframe.sty
\beamer@framebox=\box40
\beamer@frametitlebox=\box41
\beamer@zoombox=\box42
\beamer@zoomcount=\count134
\beamer@zoomframecount=\count135
\beamer@frametextheight=\dimen167
\c@subsectionslide=\count136
\beamer@frametopskip=\skip45
\beamer@framebottomskip=\skip46
\beamer@frametopskipautobreak=\skip47
\beamer@framebottomskipautobreak=\skip48
\beamer@envbody=\toks28
\framewidth=\dimen168
\c@framenumber=\count137
)
(/usr/share/texlive/texmf-dist/tex/latex/beamer/beamerbaseverbatim.sty
\beamer@verbatimfileout=\write4
)
(/usr/share/texlive/texmf-dist/tex/latex/beamer/beamerbaseframesize.sty
\beamer@splitbox=\box43
\beamer@autobreakcount=\count138
\beamer@autobreaklastheight=\dimen169
\beamer@frametitletoks=\toks29
\beamer@framesubtitletoks=\toks30
)
(/usr/share/texlive/texmf-dist/tex/latex/beamer/beamerbaseframecomponents.sty
\beamer@footins=\box44
)
(/usr/share/texlive/texmf-dist/tex/latex/beamer/beamerbasecolor.sty
\beamer@bg@ht=\dimen170
\beamer@bg@wd=\dimen171
\beamer@bg@dp=\dimen172
)
(/usr/share/texlive/texmf-dist/tex/latex/beamer/beamerbasenotes.sty
\beamer@frameboxcopy=\box45
)
(/usr/share/texlive/texmf-dist/tex/latex/beamer/beamerbasetoc.sty)
(/usr/share/texlive/texmf-dist/tex/latex/beamer/beamerbasetemplates.sty
\beamer@sbttoks=\toks31

(/usr/share/texlive/texmf-dist/tex/latex/beamer/beamerbaseauxtemplates.sty
(/usr/share/texlive/texmf-dist/tex/latex/beamer/beamerbaseboxes.sty
\bmb@box=\box46
\bmb@colorbox=\box47
\bmb@boxshadow=\box48
\bmb@boxshadowball=\box49
\bmb@boxshadowballlarge=\box50
\bmb@temp=\dimen173
\bmb@dima=\dimen174
\bmb@dimb=\dimen175
\bmb@prevheight=\dimen176
)
\beamer@blockheadheight=\dimen177
))
(/usr/share/texlive/texmf-dist/tex/latex/beamer/beamerbaselocalstructure.sty
(/usr/share/texlive/texmf-dist/tex/latex/tools/enumerate.sty
Package: enumerate 2015/07/23 v3.00 enumerate extensions (DPC)
\@enLab=\toks32
)
\c@figure=\count139
\c@table=\count140
\abovecaptionskip=\skip49
\belowcaptionskip=\skip50
)
(/usr/share/texlive/texmf-dist/tex/latex/beamer/beamerbasenavigation.sty
\beamer@section@min@dim=\dimen178
)
(/usr/share/texlive/texmf-dist/tex/latex/beamer/beamerbasetheorems.sty
(/usr/share/texlive/texmf-dist/tex/latex/amsmath/amsmath.sty
Package: amsmath 2017/09/02 v2.17a AMS math features
\@mathmargin=\skip51

For additional information on amsmath, use the `?' option.
(/usr/share/texlive/texmf-dist/tex/latex/amsmath/amstext.sty
Package: amstext 2000/06/29 v2.01 AMS text

(/usr/share/texlive/texmf-dist/tex/latex/amsmath/amsgen.sty
File: amsgen.sty 1999/11/30 v2.0 generic functions
\@emptytoks=\toks33
\ex@=\dimen179
))
(/usr/share/texlive/texmf-dist/tex/latex/amsmath/amsbsy.sty
Package: amsbsy 1999/11/29 v1.2d Bold Symbols
\pmbraise@=\dimen180
)
(/usr/share/texlive/texmf-dist/tex/latex/amsmath/amsopn.sty
Package: amsopn 2016/03/08 v2.02 operator names
)
\inf@bad=\count141
LaTeX Info: Redefining \frac on input line 213.
\uproot@=\count142
\leftroot@=\count143
LaTeX Info: Redefining \overline on input line 375.
\classnum@=\count144
\DOTSCASE@=\count145
LaTeX Info: Redefining \ldots on input line 472.
LaTeX Info: Redefining \dots on input line 475.
LaTeX Info: Redefining \cdots on input line 596.
\Mathstrutbox@=\box51
\strutbox@=\box52
\big@size=\dimen181
LaTeX Font Info:    Redeclaring font encoding OML on input line 712.
LaTeX Font Info:    Redeclaring font encoding OMS on input line 713.
\macc@depth=\count146
\c@MaxMatrixCols=\count147
\dotsspace@=\muskip11
\c@parentequation=\count148
\dspbrk@lvl=\count149
\tag@help=\toks34
\row@=\count150
\column@=\count151
\maxfields@=\count152
\andhelp@=\toks35
\eqnshift@=\dimen182
\alignsep@=\dimen183
\tagshift@=\dimen184
\tagwidth@=\dimen185
\totwidth@=\dimen186
\lineht@=\dimen187
\@envbody=\toks36
\multlinegap=\skip52
\multlinetaggap=\skip53
\mathdisplay@stack=\toks37
LaTeX Info: Redefining \[ on input line 2817.
LaTeX Info: Redefining \] on input line 2818.
)
(/usr/share/texlive/texmf-dist/tex/latex/amscls/amsthm.sty
Package: amsthm 2017/10/31 v2.20.4
\thm@style=\toks38
\thm@bodyfont=\toks39
\thm@headfont=\toks40
\thm@notefont=\toks41
\thm@headpunct=\toks42
\thm@preskip=\skip54
\thm@postskip=\skip55
\thm@headsep=\skip56
\dth@everypar=\toks43
)
\c@theorem=\count153
)
(/usr/share/texlive/texmf-dist/tex/latex/beamer/beamerbasethemes.sty))(load luc:
 /home/thomas/.texlive2017/texmf-var/luatex-cache/generic/fonts/otl/lmsans8-regu
lar.luc)
(/usr/share/texlive/texmf-dist/tex/latex/beamer/beamerthemedefault.sty
(/usr/share/texlive/texmf-dist/tex/latex/beamer/beamerfontthemedefault.sty)
(/usr/share/texlive/texmf-dist/tex/latex/beamer/beamercolorthemedefault.sty)
(/usr/share/texlive/texmf-dist/tex/latex/beamer/beamerinnerthemedefault.sty
\beamer@dima=\dimen188
\beamer@dimb=\dimen189
)
(/usr/share/texlive/texmf-dist/tex/latex/beamer/beamerouterthemedefault.sty)))
(/usr/share/texlive/texmf-dist/tex/latex/base/inputenc.sty
Package: inputenc 2015/03/17 v1.2c Input encoding file
\inpenc@prehook=\toks44
\inpenc@posthook=\toks45


Package inputenc Warning: inputenc package ignored with utf8 based engines.

) (/usr/share/texlive/texmf-dist/tex/latex/beamer/beamerthemeAntibes.sty
(/usr/share/texlive/texmf-dist/tex/latex/beamer/beamerouterthemetree.sty)
(/usr/share/texlive/texmf-dist/tex/latex/beamer/beamercolorthemewhale.sty)
(/usr/share/texlive/texmf-dist/tex/latex/beamer/beamercolorthemeorchid.sty)
(/usr/share/texlive/texmf-dist/tex/latex/beamer/beamerinnerthemerectangles.sty))
 (/usr/share/texlive/texmf-dist/tex/latex/beamer/beamercolorthemespruce.sty)
(/usr/share/texlive/texmf-dist/tex/latex/beamer/beamerfontthemeserif.sty)
(./slides.aux)
\openout1 = slides.aux

LaTeX Font Info:    Checking defaults for OML/cmm/m/it on input line 14.
LaTeX Font Info:    ... okay on input line 14.
LaTeX Font Info:    Checking defaults for T1/cmr/m/n on input line 14.
LaTeX Font Info:    ... okay on input line 14.
LaTeX Font Info:    Checking defaults for OT1/cmr/m/n on input line 14.
LaTeX Font Info:    ... okay on input line 14.
LaTeX Font Info:    Checking defaults for OMS/cmsy/m/n on input line 14.
LaTeX Font Info:    ... okay on input line 14.
LaTeX Font Info:    Checking defaults for TU/lmr/m/n on input line 14.
LaTeX Font Info:    ... okay on input line 14.
LaTeX Font Info:    Checking defaults for OMX/cmex/m/n on input line 14.
LaTeX Font Info:    ... okay on input line 14.
LaTeX Font Info:    Checking defaults for U/cmr/m/n on input line 14.
LaTeX Font Info:    ... okay on input line 14.
LaTeX Font Info:    Checking defaults for PD1/pdf/m/n on input line 14.
LaTeX Font Info:    ... okay on input line 14.

*geometry* driver: auto-detecting
*geometry* detected driver: pdftex
*geometry* verbose mode - [ preamble ] result:
* driver: pdftex
* paper: custom
* layout: <same size as paper>
* layoutoffset:(h,v)=(0.0pt,0.0pt)
* modes: includehead includefoot 
* h-part:(L,W,R)=(28.45274pt, 307.28987pt, 28.45274pt)
* v-part:(T,H,B)=(0.0pt, 273.14662pt, 0.0pt)
* \paperwidth=364.19536pt
* \paperheight=273.14662pt
* \textwidth=307.28987pt
* \textheight=244.6939pt
* \oddsidemargin=-43.81725pt
* \evensidemargin=-43.81725pt
* \topmargin=-72.26999pt
* \headheight=14.22636pt
* \headsep=0.0pt
* \topskip=9.0pt
* \footskip=14.22636pt
* \marginparwidth=4.0pt
* \marginparsep=10.0pt
* \columnsep=10.0pt
* \skip\footins=7.0pt plus 4.0pt minus 2.0pt
* \hoffset=0.0pt
* \voffset=0.0pt
* \mag=1000
* \@twocolumnfalse
* \@twosidefalse
* \@mparswitchfalse
* \@reversemarginfalse
* (1in=72.27pt=25.4mm, 1cm=28.453pt)

(/usr/share/texlive/texmf-dist/tex/context/base/mkii/supp-pdf.mkii
[Loading MPS to PDF converter (version 2006.09.02).]
\scratchcounter=\count154
\scratchdimen=\dimen190
\scratchbox=\box53
\nofMPsegments=\count155
\nofMParguments=\count156
\everyMPshowfont=\toks46
\MPscratchCnt=\count157
\MPscratchDim=\dimen191
\MPnumerator=\count158
\makeMPintoPDFobject=\count159
\everyMPtoPDFconversion=\toks47
) (/usr/share/texlive/texmf-dist/tex/latex/oberdiek/epstopdf-base.sty
Package: epstopdf-base 2016/05/15 v2.6 Base part for package epstopdf

(/usr/share/texlive/texmf-dist/tex/latex/oberdiek/grfext.sty
Package: grfext 2016/05/16 v1.2 Manage graphics extensions (HO)
)
Package epstopdf-base Info: Redefining graphics rule for `.eps' on input line 43
8.
Package grfext Info: Graphics extension search list:
(grfext)             [.pdf,.png,.jpg,.mps,.jpeg,.jbig2,.jb2,.PDF,.PNG,.JPG,.JPEG
,.JBIG2,.JB2,.eps]
(grfext)             \AppendGraphicsExtensions on input line 456.

(/usr/share/texlive/texmf-dist/tex/latex/latexconfig/epstopdf-sys.cfg
File: epstopdf-sys.cfg 2010/07/13 v1.3 Configuration of (r)epstopdf for TeX Live

))
ABD: EveryShipout initializing macros
\AtBeginShipoutBox=\box54
Package hyperref Info: Link coloring OFF on input line 14.

(/usr/share/texlive/texmf-dist/tex/latex/hyperref/nameref.sty
Package: nameref 2016/05/21 v2.44 Cross-referencing by name of section

(/usr/share/texlive/texmf-dist/tex/generic/oberdiek/gettitlestring.sty
Package: gettitlestring 2016/05/16 v1.5 Cleanup title references (HO)
)
\c@section@level=\count160
)
LaTeX Info: Redefining \ref on input line 14.
LaTeX Info: Redefining \pageref on input line 14.
LaTeX Info: Redefining \nameref on input line 14.

(./slides.out) (./slides.out)
\@outlinefile=\write5

\openout5 = slides.out
\symnumbers=\mathgroup6
\sympureletters=\mathgroup7
LaTeX Font Info:    Overwriting math alphabet `\mathrm' in version `normal'
(Font)                  OT1/cmr/m/n --> TU/lmr/m/n on input line 14.
LaTeX Font Info:    Redeclaring math alphabet \mathbf on input line 14.
LaTeX Font Info:    Overwriting math alphabet `\mathbf' in version `normal'
(Font)                  OT1/cmr/bx/n --> TU/lmr/bx/n on input line 14.
LaTeX Font Info:    Overwriting math alphabet `\mathbf' in version `bold'
(Font)                  OT1/cmr/bx/n --> TU/lmr/bx/n on input line 14.
LaTeX Font Info:    Redeclaring math alphabet \mathsf on input line 14.
LaTeX Font Info:    Overwriting math alphabet `\mathsf' in version `normal'
(Font)                  OT1/cmss/m/n --> TU/lmss/m/n on input line 14.
LaTeX Font Info:    Overwriting math alphabet `\mathsf' in version `bold'
(Font)                  OT1/cmss/bx/n --> TU/lmss/m/n on input line 14.
LaTeX Font Info:    Redeclaring math alphabet \mathit on input line 14.
LaTeX Font Info:    Overwriting math alphabet `\mathit' in version `normal'
(Font)                  OT1/cmr/m/it --> TU/lmr/m/it on input line 14.
LaTeX Font Info:    Overwriting math alphabet `\mathit' in version `bold'
(Font)                  OT1/cmr/bx/it --> TU/lmr/m/it on input line 14.
LaTeX Font Info:    Redeclaring math alphabet \mathtt on input line 14.
LaTeX Font Info:    Overwriting math alphabet `\mathtt' in version `normal'
(Font)                  OT1/cmtt/m/n --> TU/lmtt/m/n on input line 14.
LaTeX Font Info:    Overwriting math alphabet `\mathtt' in version `bold'
(Font)                  OT1/cmtt/m/n --> TU/lmtt/m/n on input line 14.
LaTeX Font Info:    Overwriting symbol font `numbers' in version `bold'
(Font)                  TU/lmr/m/n --> TU/lmr/bx/n on input line 14.
LaTeX Font Info:    Overwriting symbol font `pureletters' in version `bold'
(Font)                  TU/lmr/m/it --> TU/lmr/bx/it on input line 14.
LaTeX Font Info:    Overwriting math alphabet `\mathrm' in version `bold'
(Font)                  OT1/cmr/bx/n --> TU/lmr/bx/n on input line 14.
LaTeX Font Info:    Overwriting math alphabet `\mathbf' in version `bold'
(Font)                  TU/lmr/bx/n --> TU/lmr/bx/n on input line 14.
LaTeX Font Info:    Overwriting math alphabet `\mathsf' in version `bold'
(Font)                  TU/lmss/m/n --> TU/lmss/bx/n on input line 14.
LaTeX Font Info:    Overwriting math alphabet `\mathit' in version `bold'
(Font)                  TU/lmr/m/it --> TU/lmr/bx/it on input line 14.
LaTeX Font Info:    Overwriting math alphabet `\mathtt' in version `bold'
(Font)                  TU/lmtt/m/n --> TU/lmtt/bx/n on input line 14.

(/usr/share/texlive/texmf-dist/tex/latex/translator/translator-basic-dictionary
-English.dict
Dictionary: translator-basic-dictionary, Language: English 
)
(/usr/share/texlive/texmf-dist/tex/latex/translator/translator-bibliography-dic
tionary-English.dict
Dictionary: translator-bibliography-dictionary, Language: English 
)
(/usr/share/texlive/texmf-dist/tex/latex/translator/translator-environment-dict
ionary-English.dict
Dictionary: translator-environment-dictionary, Language: English 
)
(/usr/share/texlive/texmf-dist/tex/latex/translator/translator-months-dictionar
y-English.dict
Dictionary: translator-months-dictionary, Language: English 
)
(/usr/share/texlive/texmf-dist/tex/latex/translator/translator-numbers-dictiona
ry-English.dict
Dictionary: translator-numbers-dictionary, Language: English 
)
(/usr/share/texlive/texmf-dist/tex/latex/translator/translator-theorem-dictiona
ry-English.dict
Dictionary: translator-theorem-dictionary, Language: English 
) (./slides.nav)(load luc: /home/thomas/.texlive2017/texmf-var/luatex-cache/gene
ric/fonts/otl/lmroman5-regular.luc)(load luc: /home/thomas/.texlive2017/texmf-va
r/luatex-cache/generic/fonts/otl/lmroman8-bold.luc)(load luc: /home/thomas/.texl
ive2017/texmf-var/luatex-cache/generic/fonts/otl/lmroman10-regular.luc) [1{/var/
lib/texmf/fonts/map/pdftex/updmap/pdftex.map}

] [2

] [3

]
[4

]
Package epstopdf Info: Source file: <./figures/quadtree.eps>
(epstopdf)                    date: 2018-05-25 01:53:06
(epstopdf)                    size: 17511 bytes
(epstopdf)             Output file: <./figures/quadtree-eps-converted-to.pdf>
(epstopdf)                    date: 2019-05-05 18:07:30
(epstopdf)                    size: 6221 bytes
(epstopdf)             Command: <repstopdf --outfile=./figures/quadtree-eps-conv
erted-to.pdf ./figures/quadtree.eps>
(epstopdf)             \includegraphics on input line 51.
Package epstopdf Info: Output file is already uptodate.

warning  (file ./figures/quadtree-eps-converted-to.pdf) (pdf inclusion): PDF inc
lusion: found PDF version '1.7', but at most version '1.5' allowed
<./figures/quadtree-eps-converted-to.pdf, id=216, 234.8775pt x 100.375pt>
File: ./figures/quadtree-eps-converted-to.pdf Graphic file (type pdf)
<use ./figures/quadtree-eps-converted-to.pdf>
Package luatex.def Info: ./figures/quadtree-eps-converted-to.pdf  used on input 
line 51.
(luatex.def)             Requested size: 245.83282pt x 105.05682pt.
[5

<./figures/quadtree-eps-converted-to.pdf>]
Package epstopdf Info: Source file: <./figures/quadtree.eps>
(epstopdf)                    date: 2018-05-25 01:53:06
(epstopdf)                    size: 17511 bytes
(epstopdf)             Output file: <./figures/quadtree-eps-converted-to.pdf>
(epstopdf)                    date: 2019-05-05 18:07:30
(epstopdf)                    size: 6221 bytes
(epstopdf)             Command: <repstopdf --outfile=./figures/quadtree-eps-conv
erted-to.pdf ./figures/quadtree.eps>
(epstopdf)             \includegraphics on input line 51.
Package epstopdf Info: Output file is already uptodate.
File: ./figures/quadtree-eps-converted-to.pdf Graphic file (type pdf)
<use ./figures/quadtree-eps-converted-to.pdf>
Package luatex.def Info: ./figures/quadtree-eps-converted-to.pdf  used on input 
line 51.
(luatex.def)             Requested size: 245.83282pt x 105.05682pt.
 [6

]
Package epstopdf Info: Source file: <./figures/quadtree.eps>
(epstopdf)                    date: 2018-05-25 01:53:06
(epstopdf)                    size: 17511 bytes
(epstopdf)             Output file: <./figures/quadtree-eps-converted-to.pdf>
(epstopdf)                    date: 2019-05-05 18:07:30
(epstopdf)                    size: 6221 bytes
(epstopdf)             Command: <repstopdf --outfile=./figures/quadtree-eps-conv
erted-to.pdf ./figures/quadtree.eps>
(epstopdf)             \includegraphics on input line 51.
Package epstopdf Info: Output file is already uptodate.
File: ./figures/quadtree-eps-converted-to.pdf Graphic file (type pdf)
<use ./figures/quadtree-eps-converted-to.pdf>
Package luatex.def Info: ./figures/quadtree-eps-converted-to.pdf  used on input 
line 51.
(luatex.def)             Requested size: 245.83282pt x 105.05682pt.
 [7

]
Package epstopdf Info: Source file: <./figures/quadtree.eps>
(epstopdf)                    date: 2018-05-25 01:53:06
(epstopdf)                    size: 17511 bytes
(epstopdf)             Output file: <./figures/quadtree-eps-converted-to.pdf>
(epstopdf)                    date: 2019-05-05 18:07:30
(epstopdf)                    size: 6221 bytes
(epstopdf)             Command: <repstopdf --outfile=./figures/quadtree-eps-conv
erted-to.pdf ./figures/quadtree.eps>
(epstopdf)             \includegraphics on input line 51.
Package epstopdf Info: Output file is already uptodate.
File: ./figures/quadtree-eps-converted-to.pdf Graphic file (type pdf)
<use ./figures/quadtree-eps-converted-to.pdf>
Package luatex.def Info: ./figures/quadtree-eps-converted-to.pdf  used on input 
line 51.
(luatex.def)             Requested size: 245.83282pt x 105.05682pt.
 [8

] [9

]
<./figures/levelset.png, id=374, 3998.94pt x 1389.19pt>
File: ./figures/levelset.png Graphic file (type png)
<use ./figures/levelset.png>
Package luatex.def Info: ./figures/levelset.png  used on input line 82.
(luatex.def)             Requested size: 215.10196pt x 74.72049pt.
LaTeX Font Info:    Try loading font information for U+msa on input line 82.

(/usr/share/texlive/texmf-dist/tex/latex/amsfonts/umsa.fd
File: umsa.fd 2013/01/14 v3.01 AMS symbols A
)
LaTeX Font Info:    Try loading font information for U+msb on input line 82.

(/usr/share/texlive/texmf-dist/tex/latex/amsfonts/umsb.fd
File: umsb.fd 2013/01/14 v3.01 AMS symbols B
)(load luc: /home/thomas/.texlive2017/texmf-var/luatex-cache/generic/fonts/otl/l
mroman6-regular.luc)(load luc: /home/thomas/.texlive2017/texmf-var/luatex-cache/
generic/fonts/otl/lmroman8-italic.luc)(load luc: /home/thomas/.texlive2017/texmf
-var/luatex-cache/generic/fonts/otl/lmroman7-italic.luc)(load luc: /home/thomas/
.texlive2017/texmf-var/luatex-cache/generic/fonts/otl/lmroman6-bold.luc)(load lu
c: /home/thomas/.texlive2017/texmf-var/luatex-cache/generic/fonts/otl/lmroman5-b
old.luc)
[10

<./figures/levelset.png>] [11

] [12

] [13

]
Overfull \hbox (2.45395pt too wide) detected at line 127
[]
 []

[14

] [15

] [16

]
Package epstopdf Info: Source file: <./figures/cell_h.eps>
(epstopdf)                    date: 2019-05-05 15:02:01
(epstopdf)                    size: 35708 bytes
(epstopdf)             Output file: <./figures/cell_h-eps-converted-to.pdf>
(epstopdf)                    date: 2019-05-06 18:15:35
(epstopdf)                    size: 10552 bytes
(epstopdf)             Command: <repstopdf --outfile=./figures/cell_h-eps-conver
ted-to.pdf ./figures/cell_h.eps>
(epstopdf)             \includegraphics on input line 179.
Package epstopdf Info: Output file is already uptodate.

warning  (file ./figures/cell_h-eps-converted-to.pdf) (pdf inclusion): PDF inclu
sion: found PDF version '1.7', but at most version '1.5' allowed
<./figures/cell_h-eps-converted-to.pdf, id=607, 613.29124pt x 562.1pt>
File: ./figures/cell_h-eps-converted-to.pdf Graphic file (type pdf)
<use ./figures/cell_h-eps-converted-to.pdf>
Package luatex.def Info: ./figures/cell_h-eps-converted-to.pdf  used on input li
ne 179.
(luatex.def)             Requested size: 230.46739pt x 211.23299pt.
[17

<./figures/cell_h-eps-converted-to.pdf>]
Package epstopdf Info: Source file: <./figures/pixel_h.eps>
(epstopdf)                    date: 2019-05-05 16:20:12
(epstopdf)                    size: 36903 bytes
(epstopdf)             Output file: <./figures/pixel_h-eps-converted-to.pdf>
(epstopdf)                    date: 2019-05-06 18:18:05
(epstopdf)                    size: 11687 bytes
(epstopdf)             Command: <repstopdf --outfile=./figures/pixel_h-eps-conve
rted-to.pdf ./figures/pixel_h.eps>
(epstopdf)             \includegraphics on input line 191.
Package epstopdf Info: Output file is already uptodate.

warning  (file ./figures/pixel_h-eps-converted-to.pdf) (pdf inclusion): PDF incl
usion: found PDF version '1.7', but at most version '1.5' allowed
<./figures/pixel_h-eps-converted-to.pdf, id=650, 389.455pt x 200.75pt>
File: ./figures/pixel_h-eps-converted-to.pdf Graphic file (type pdf)
<use ./figures/pixel_h-eps-converted-to.pdf>
Package luatex.def Info: ./figures/pixel_h-eps-converted-to.pdf  used on input l
ine 191.
(luatex.def)             Requested size: 153.64493pt x 79.19582pt.
[18

<./figures/pixel_h-eps-converted-to.pdf>]
Package epstopdf Info: Source file: <./figures/quadtree_h.eps>
(epstopdf)                    date: 2019-05-05 16:46:31
(epstopdf)                    size: 36255 bytes
(epstopdf)             Output file: <./figures/quadtree_h-eps-converted-to.pdf>
(epstopdf)                    date: 2019-05-06 18:20:44
(epstopdf)                    size: 11159 bytes
(epstopdf)             Command: <repstopdf --outfile=./figures/quadtree_h-eps-co
nverted-to.pdf ./figures/quadtree_h.eps>
(epstopdf)             \includegraphics on input line 201.
Package epstopdf Info: Output file is already uptodate.

warning  (file ./figures/quadtree_h-eps-converted-to.pdf) (pdf inclusion): PDF i
nclusion: found PDF version '1.7', but at most version '1.5' allowed
<./figures/quadtree_h-eps-converted-to.pdf, id=689, 460.72125pt x 323.2075pt>
File: ./figures/quadtree_h-eps-converted-to.pdf Graphic file (type pdf)
<use ./figures/quadtree_h-eps-converted-to.pdf>
Package luatex.def Info: ./figures/quadtree_h-eps-converted-to.pdf  used on inpu
t line 201.
(luatex.def)             Requested size: 230.46739pt x 161.67732pt.
[19

<./figures/quadtree_h-eps-converted-to.pdf>]
Package epstopdf Info: Source file: <./figures/image_h.eps>
(epstopdf)                    date: 2019-05-05 15:37:40
(epstopdf)                    size: 30791 bytes
(epstopdf)             Output file: <./figures/image_h-eps-converted-to.pdf>
(epstopdf)                    date: 2019-05-06 18:22:34
(epstopdf)                    size: 9859 bytes
(epstopdf)             Command: <repstopdf --outfile=./figures/image_h-eps-conve
rted-to.pdf ./figures/image_h.eps>
(epstopdf)             \includegraphics on input line 212.
Package epstopdf Info: Output file is already uptodate.

warning  (file ./figures/image_h-eps-converted-to.pdf) (pdf inclusion): PDF incl
usion: found PDF version '1.7', but at most version '1.5' allowed
<./figures/image_h-eps-converted-to.pdf, id=729, 366.36874pt x 309.155pt>
File: ./figures/image_h-eps-converted-to.pdf Graphic file (type pdf)
<use ./figures/image_h-eps-converted-to.pdf>
Package luatex.def Info: ./figures/image_h-eps-converted-to.pdf  used on input l
ine 212.
(luatex.def)             Requested size: 153.64493pt x 129.6508pt.
[20

<./figures/image_h-eps-converted-to.pdf>]
Package epstopdf Info: Source file: <./figures/refinementcriterion_h.eps>
(epstopdf)                    date: 2019-05-05 16:57:44
(epstopdf)                    size: 33432 bytes
(epstopdf)             Output file: <./figures/refinementcriterion_h-eps-convert
ed-to.pdf>
(epstopdf)                    date: 2019-05-06 18:26:22
(epstopdf)                    size: 10776 bytes
(epstopdf)             Command: <repstopdf --outfile=./figures/refinementcriteri
on_h-eps-converted-to.pdf ./figures/refinementcriterion_h.eps>
(epstopdf)             \includegraphics on input line 230.
Package epstopdf Info: Output file is already uptodate.

warning  (file ./figures/refinementcriterion_h-eps-converted-to.pdf) (pdf inclus
ion): PDF inclusion: found PDF version '1.7', but at most version '1.5' allowed
<./figures/refinementcriterion_h-eps-converted-to.pdf, id=767, 297.11pt x 53.198
75pt>
File: ./figures/refinementcriterion_h-eps-converted-to.pdf Graphic file (type pd
f)
<use ./figures/refinementcriterion_h-eps-converted-to.pdf>
Package luatex.def Info: ./figures/refinementcriterion_h-eps-converted-to.pdf  u
sed on input line 230.
(luatex.def)             Requested size: 169.01036pt x 30.26352pt.
Package epstopdf Info: Source file: <./figures/RefineAlwaysCriterion_h.eps>
(epstopdf)                    date: 2019-05-05 16:50:41
(epstopdf)                    size: 60100 bytes
(epstopdf)             Output file: <./figures/RefineAlwaysCriterion_h-eps-conve
rted-to.pdf>
(epstopdf)                    date: 2019-05-06 18:28:12
(epstopdf)                    size: 18081 bytes
(epstopdf)             Command: <repstopdf --outfile=./figures/RefineAlwaysCrite
rion_h-eps-converted-to.pdf ./figures/RefineAlwaysCriterion_h.eps>
(epstopdf)             \includegraphics on input line 230.
Package epstopdf Info: Output file is already uptodate.

warning  (file ./figures/RefineAlwaysCriterion_h-eps-converted-to.pdf) (pdf incl
usion): PDF inclusion: found PDF version '1.7', but at most version '1.5' allowe
d
<./figures/RefineAlwaysCriterion_h-eps-converted-to.pdf, id=768, 466.74374pt x 7
4.2775pt>
File: ./figures/RefineAlwaysCriterion_h-eps-converted-to.pdf Graphic file (type 
pdf)
<use ./figures/RefineAlwaysCriterion_h-eps-converted-to.pdf>
Package luatex.def Info: ./figures/RefineAlwaysCriterion_h-eps-converted-to.pdf 
 used on input line 230.
(luatex.def)             Requested size: 169.01036pt x 26.89627pt.
Package epstopdf Info: Source file: <./figures/LevelSetCriterion_h.eps>
(epstopdf)                    date: 2019-05-05 16:53:28
(epstopdf)                    size: 56494 bytes
(epstopdf)             Output file: <./figures/LevelSetCriterion_h-eps-converted
-to.pdf>
(epstopdf)                    date: 2019-05-06 18:29:09
(epstopdf)                    size: 17145 bytes
(epstopdf)             Command: <repstopdf --outfile=./figures/LevelSetCriterion
_h-eps-converted-to.pdf ./figures/LevelSetCriterion_h.eps>
(epstopdf)             \includegraphics on input line 230.
Package epstopdf Info: Output file is already uptodate.

warning  (file ./figures/LevelSetCriterion_h-eps-converted-to.pdf) (pdf inclusio
n): PDF inclusion: found PDF version '1.7', but at most version '1.5' allowed
<./figures/LevelSetCriterion_h-eps-converted-to.pdf, id=769, 466.74374pt x 92.34
5pt>
File: ./figures/LevelSetCriterion_h-eps-converted-to.pdf Graphic file (type pdf)

<use ./figures/LevelSetCriterion_h-eps-converted-to.pdf>
Package luatex.def Info: ./figures/LevelSetCriterion_h-eps-converted-to.pdf  use
d on input line 230.
(luatex.def)             Requested size: 169.01036pt x 33.43861pt.
Package epstopdf Info: Source file: <./figures/CriterionVariance_h.eps>
(epstopdf)                    date: 2019-05-05 16:54:49
(epstopdf)                    size: 55187 bytes
(epstopdf)             Output file: <./figures/CriterionVariance_h-eps-converted
-to.pdf>
(epstopdf)                    date: 2019-05-06 18:29:09
(epstopdf)                    size: 16782 bytes
(epstopdf)             Command: <repstopdf --outfile=./figures/CriterionVariance
_h-eps-converted-to.pdf ./figures/CriterionVariance_h.eps>
(epstopdf)             \includegraphics on input line 230.
Package epstopdf Info: Output file is already uptodate.

warning  (file ./figures/CriterionVariance_h-eps-converted-to.pdf) (pdf inclusio
n): PDF inclusion: found PDF version '1.7', but at most version '1.5' allowed
<./figures/CriterionVariance_h-eps-converted-to.pdf, id=770, 466.74374pt x 92.34
5pt>
File: ./figures/CriterionVariance_h-eps-converted-to.pdf Graphic file (type pdf)

<use ./figures/CriterionVariance_h-eps-converted-to.pdf>
Package luatex.def Info: ./figures/CriterionVariance_h-eps-converted-to.pdf  use
d on input line 230.
(luatex.def)             Requested size: 169.01036pt x 33.43861pt.
[21

<./figures/refinementcriterion_h-eps-converted-to.pdf><./figures/RefineAlwaysCri
terion_h-eps-converted-to.pdf><./figures/LevelSetCriterion_h-eps-converted-to.pd
f><./figures/CriterionVariance_h-eps-converted-to.pdf>]
Package epstopdf Info: Source file: <./figures/parallel_integration.eps>
(epstopdf)                    date: 2019-05-06 18:56:59
(epstopdf)                    size: 56119 bytes
(epstopdf)             Output file: <./figures/parallel_integration-eps-converte
d-to.pdf>
(epstopdf)                    date: 2019-05-06 18:57:26
(epstopdf)                    size: 30902 bytes
(epstopdf)             Command: <repstopdf --outfile=./figures/parallel_integrat
ion-eps-converted-to.pdf ./figures/parallel_integration.eps>
(epstopdf)             \includegraphics on input line 245.
Package epstopdf Info: Output file is already uptodate.

warning  (file ./figures/parallel_integration-eps-converted-to.pdf) (pdf inclusi
on): PDF inclusion: found PDF version '1.7', but at most version '1.5' allowed
<./figures/parallel_integration-eps-converted-to.pdf, id=830, 163.61125pt x 94.3
525pt>
File: ./figures/parallel_integration-eps-converted-to.pdf Graphic file (type pdf
)
<use ./figures/parallel_integration-eps-converted-to.pdf>
Package luatex.def Info: ./figures/parallel_integration-eps-converted-to.pdf  us
ed on input line 245.
(luatex.def)             Requested size: 199.73653pt x 115.18616pt.
[22

<./figures/parallel_integration-eps-converted-to.pdf>]
<./figures/integrator/pi_1.pdf, id=884, 113.8112pt x 113.8112pt>
File: ./figures/integrator/pi_1.pdf Graphic file (type pdf)
<use ./figures/integrator/pi_1.pdf>
Package luatex.def Info: ./figures/integrator/pi_1.pdf  used on input line 290.
(luatex.def)             Requested size: 98.335pt x 98.33939pt.
<./figures/integrator/pi_2.pdf, id=885, 113.8112pt x 113.8112pt>
File: ./figures/integrator/pi_2.pdf Graphic file (type pdf)
<use ./figures/integrator/pi_2.pdf>
Package luatex.def Info: ./figures/integrator/pi_2.pdf  used on input line 290.
(luatex.def)             Requested size: 98.335pt x 98.33939pt.
<./figures/integrator/pi_3.pdf, id=886, 113.8112pt x 113.8112pt>
File: ./figures/integrator/pi_3.pdf Graphic file (type pdf)
<use ./figures/integrator/pi_3.pdf>
Package luatex.def Info: ./figures/integrator/pi_3.pdf  used on input line 290.
(luatex.def)             Requested size: 98.335pt x 98.33939pt.
 [23

<./figures/integrator/pi_1.pdf><./figures/integrator/pi_2.pdf><./figures/integra
tor/pi_3.pdf>]
<./figures/integrator/gauss_1.pdf, id=942, 113.8112pt x 113.8112pt>
File: ./figures/integrator/gauss_1.pdf Graphic file (type pdf)
<use ./figures/integrator/gauss_1.pdf>
Package luatex.def Info: ./figures/integrator/gauss_1.pdf  used on input line 30
4.
(luatex.def)             Requested size: 98.335pt x 98.33939pt.
<./figures/integrator/gauss_2.pdf, id=943, 113.8112pt x 113.8112pt>
File: ./figures/integrator/gauss_2.pdf Graphic file (type pdf)
<use ./figures/integrator/gauss_2.pdf>
Package luatex.def Info: ./figures/integrator/gauss_2.pdf  used on input line 30
4.
(luatex.def)             Requested size: 98.335pt x 98.33939pt.
<./figures/integrator/gauss_3.pdf, id=944, 113.8112pt x 113.8112pt>
File: ./figures/integrator/gauss_3.pdf Graphic file (type pdf)
<use ./figures/integrator/gauss_3.pdf>
Package luatex.def Info: ./figures/integrator/gauss_3.pdf  used on input line 30
4.
(luatex.def)             Requested size: 98.335pt x 98.33939pt.

[24

<./figures/integrator/gauss_1.pdf><./figures/integrator/gauss_2.pdf><./figures/i
ntegrator/gauss_3.pdf>]
Overfull \hbox (20.89502pt too wide) detected at line 318
[]
 []

<./figures/integrator/square_1.pdf, id=992, 113.8112pt x 113.8112pt>
File: ./figures/integrator/square_1.pdf Graphic file (type pdf)
<use ./figures/integrator/square_1.pdf>
Package luatex.def Info: ./figures/integrator/square_1.pdf  used on input line 3
18.
(luatex.def)             Requested size: 98.335pt x 98.33939pt.
<./figures/integrator/square_2.pdf, id=993, 113.8112pt x 113.8112pt>
File: ./figures/integrator/square_2.pdf Graphic file (type pdf)
<use ./figures/integrator/square_2.pdf>
Package luatex.def Info: ./figures/integrator/square_2.pdf  used on input line 3
18.
(luatex.def)             Requested size: 98.335pt x 98.33939pt.
<./figures/integrator/square_3.pdf, id=994, 113.8112pt x 113.8112pt>
File: ./figures/integrator/square_3.pdf Graphic file (type pdf)
<use ./figures/integrator/square_3.pdf>
Package luatex.def Info: ./figures/integrator/square_3.pdf  used on input line 3
18.
(luatex.def)             Requested size: 98.335pt x 98.33939pt.
[25

<./figures/integrator/square_1.pdf><./figures/integrator/square_2.pdf><./figures
/integrator/square_3.pdf>]
Overfull \hbox (11.1224pt too wide) detected at line 334
[]
 []

<./figures/integrator/unif_1.pdf, id=1041, 227.62239pt x 227.62239pt>
File: ./figures/integrator/unif_1.pdf Graphic file (type pdf)
<use ./figures/integrator/unif_1.pdf>
Package luatex.def Info: ./figures/integrator/unif_1.pdf  used on input line 334
.
(luatex.def)             Requested size: 98.335pt x 98.33418pt.
<./figures/integrator/unif_2.pdf, id=1042, 227.62239pt x 227.62239pt>
File: ./figures/integrator/unif_2.pdf Graphic file (type pdf)
<use ./figures/integrator/unif_2.pdf>
Package luatex.def Info: ./figures/integrator/unif_2.pdf  used on input line 334
.
(luatex.def)             Requested size: 98.335pt x 98.33418pt.
<./figures/integrator/unif_3.pdf, id=1043, 227.62239pt x 227.62239pt>
File: ./figures/integrator/unif_3.pdf Graphic file (type pdf)
<use ./figures/integrator/unif_3.pdf>
Package luatex.def Info: ./figures/integrator/unif_3.pdf  used on input line 334
.
(luatex.def)             Requested size: 98.335pt x 98.33418pt.
[26

<./figures/integrator/unif_1.pdf><./figures/integrator/unif_2.pdf><./figures/int
egrator/unif_3.pdf>] [27

]
<./figures/s1_comp_small.png, id=1120, 14454.0pt x 4885.452pt>
File: ./figures/s1_comp_small.png Graphic file (type png)
<use ./figures/s1_comp_small.png>
Package luatex.def Info: ./figures/s1_comp_small.png  used on input line 355.
(luatex.def)             Requested size: 276.559pt x 93.406pt.
<./figures/s2_comp_small.png, id=1121, 14454.0pt x 4943.268pt>
File: ./figures/s2_comp_small.png Graphic file (type png)
<use ./figures/s2_comp_small.png>
Package luatex.def Info: ./figures/s2_comp_small.png  used on input line 355.
(luatex.def)             Requested size: 276.559pt x 94.5114pt.
 [28

<./figures/s1_comp_small.png><./figures/s2_comp_small.png>]
<./figures/s3_comp_small.png, id=1155, 14454.0pt x 4885.452pt>
File: ./figures/s3_comp_small.png Graphic file (type png)
<use ./figures/s3_comp_small.png>
Package luatex.def Info: ./figures/s3_comp_small.png  used on input line 366.
(luatex.def)             Requested size: 276.559pt x 93.406pt.
<./figures/s4_comp_small.png, id=1156, 14454.0pt x 4813.182pt>
File: ./figures/s4_comp_small.png Graphic file (type png)
<use ./figures/s4_comp_small.png>
Package luatex.def Info: ./figures/s4_comp_small.png  used on input line 366.
(luatex.def)             Requested size: 276.559pt x 92.02426pt.
 [29

<./figures/s3_comp_small.png><./figures/s4_comp_small.png>]
<./figures/s6_comp_small.png, id=1189, 14454.0pt x 4842.09pt>
File: ./figures/s6_comp_small.png Graphic file (type png)
<use ./figures/s6_comp_small.png>
Package luatex.def Info: ./figures/s6_comp_small.png  used on input line 376.
(luatex.def)             Requested size: 276.559pt x 92.57697pt.

[30

<./figures/s6_comp_small.png>]
\tf@nav=\write6

\openout6 = slides.nav
\tf@toc=\write7

\openout7 = slides.toc
\tf@snm=\write8

\openout8 = slides.snm
Package atveryend Info: Empty hook `BeforeClearDocument' on input line 381.
Package atveryend Info: Empty hook `AfterLastShipout' on input line 381.
 (./slides.aux)
Package atveryend Info: Executing hook `AtVeryEndDocument' on input line 381.
Package atveryend Info: Executing hook `AtEndAfterFileList' on input line 381.
Package rerunfilecheck Info: File `slides.out' has not changed.
(rerunfilecheck)             Checksum: 13E7989BFAE541EC9524B646A165E926;1059.
)

Here is how much of LuaTeX's memory you used:
 18012 strings out of 494480
 100000,460012 words of node,token memory allocated
 2631 words of node memory still in use:
   47 hlist, 11 vlist, 6 rule, 3 disc, 7 local_par, 79 glue, 5 kern, 20 penalty,
 74 glyph, 99 attribute, 58 glue_spec, 99 attribute_list, 8 write, 1 pdf_start_l
ink, 1 pdf_end_link, 1 pdf_dest, 1 pdf_action, 24 pdf_colorstack, 1 pdf_setmatri
x, 1 pdf_save, 1 pdf_restore nodes
   avail lists: 1:2,2:970,3:197,4:117,5:302,6:1943,7:1282,8:260,9:610,10:20,11:1
19
 20976 multiletter control sequences out of 65536+600000
 44 fonts using 3288599 bytes
 48i,14n,53p,799b,610s stack positions out of 5000i,500n,10000p,200000b,100000s
</usr/share/texmf/fonts/opentype/public/lm/lmroman6-bold.otf></usr/share/texmf/f
onts/opentype/public/lm/lmroman7-italic.otf></usr/share/texmf/fonts/opentype/pub
lic/lm/lmroman6-regular.otf></usr/share/texmf/fonts/opentype/public/lm/lmroman8-
italic.otf></usr/share/texmf/fonts/opentype/public/lm/lmroman8-bold.otf></usr/sh
are/texmf/fonts/opentype/public/lm/lmroman8-regular.otf></usr/share/texmf/fonts/
opentype/public/lm/lmroman10-regular.otf></usr/share/texmf/fonts/opentype/public
/lm/lmroman5-regular.otf></usr/share/texlive/texmf-dist/fonts/type1/public/amsfo
nts/cmextra/cmex7.pfb></usr/share/texlive/texmf-dist/fonts/type1/public/amsfonts
/cmextra/cmex8.pfb></usr/share/texlive/texmf-dist/fonts/type1/public/amsfonts/cm
/cmmi5.pfb></usr/share/texlive/texmf-dist/fonts/type1/public/amsfonts/cm/cmmi6.p
fb></usr/share/texlive/texmf-dist/fonts/type1/public/amsfonts/cm/cmmi8.pfb></usr
/share/texlive/texmf-dist/fonts/type1/public/amsfonts/cm/cmr5.pfb></usr/share/te
xlive/texmf-dist/fonts/type1/public/amsfonts/cm/cmr6.pfb></usr/share/texlive/tex
mf-dist/fonts/type1/public/amsfonts/cm/cmr8.pfb></usr/share/texlive/texmf-dist/f
onts/type1/public/amsfonts/cm/cmsy5.pfb></usr/share/texlive/texmf-dist/fonts/typ
e1/public/amsfonts/cm/cmsy6.pfb></usr/share/texlive/texmf-dist/fonts/type1/publi
c/amsfonts/cm/cmsy8.pfb></usr/share/texlive/texmf-dist/fonts/type1/public/amsfon
ts/symbols/msbm10.pfb></usr/share/texlive/texmf-dist/fonts/type1/public/amsfonts
/symbols/msbm7.pfb>
Output written on slides.pdf (30 pages, 3346017 bytes).

PDF statistics: 1319 PDF objects out of 1440 (max. 8388607)
 1114 compressed objects within 12 object streams
 79 named destinations out of 1000 (max. 131072)
 152 words of extra memory for PDF output out of 10000 (max. 100000000)

